#
# There is insufficient memory for the Java Runtime Environment to continue.
# Native memory allocation (malloc) failed to allocate 262160 bytes for Chunk::new
# Possible reasons:
#   The system is out of physical RAM or swap space
#   The process is running with CompressedOops enabled, and the Java Heap may be blocking the growth of the native heap
# Possible solutions:
#   Reduce memory load on the system
#   Increase physical memory or swap space
#   Check if swap backing store is full
#   Decrease Java heap size (-Xmx/-Xms)
#   Decrease number of Java threads
#   Decrease Java thread stack sizes (-Xss)
#   Set larger code cache with -XX:ReservedCodeCacheSize=
#   JVM is running with Unscaled Compressed Oops mode in which the Java heap is
#     placed in the first 4GB address space. The Java Heap base address is the
#     maximum limit for the native heap growth. Please use -XX:HeapBaseMinAddress
#     to set the Java Heap base and to place the Java Heap above 4GB virtual address.
# This output file may be truncated or incomplete.
#
#  Out of Memory Error (allocation.cpp:389), pid=16100, tid=0x0000000000000f7c
#
# JRE version: Java(TM) SE Runtime Environment (8.0_211-b12) (build 1.8.0_211-b12)
# Java VM: Java HotSpot(TM) 64-Bit Server VM (25.211-b12 mixed mode windows-amd64 compressed oops)
# Failed to write core dump. Minidumps are not enabled by default on client versions of Windows
#

---------------  T H R E A D  ---------------

Current thread (0x000000001430b800):  JavaThread "C2 CompilerThread0" daemon [_thread_in_native, id=3964, stack(0x0000000015320000,0x0000000015420000)]

Stack: [0x0000000015320000,0x0000000015420000]
[error occurred during error reporting (printing stack bounds), id 0xc0000005]

Native frames: (J=compiled Java code, j=interpreted, Vv=VM code, C=native code)


Current CompileTask:
C2:1126594 10762   !   4       java.io.ObjectOutputStream::writeObject0 (619 bytes)


---------------  P R O C E S S  ---------------

Java Threads: ( => current thread )
  0x000000001a827800 JavaThread "Cache worker for execution history cache (D:\androidreact\Trialone\Trialone\android\.gradle\5.5\executionHistory)" [_thread_blocked, id=4944, stack(0x0000000021e30000,0x0000000021f30000)]
  0x000000001a827000 JavaThread "Cache worker for file content cache (D:\androidreact\Trialone\Trialone\android\.gradle\5.5\fileContent)" [_thread_blocked, id=1108, stack(0x0000000021c30000,0x0000000021d30000)]
  0x000000001a825800 JavaThread "Cache worker for Build Output Cleanup Cache (D:\androidreact\Trialone\Trialone\android\.gradle\buildOutputCleanup)" [_thread_blocked, id=11336, stack(0x0000000021b30000,0x0000000021c30000)]
  0x000000001a828800 JavaThread "Build operations Thread 2" [_thread_blocked, id=8896, stack(0x0000000021a30000,0x0000000021b30000)]
  0x000000001a826000 JavaThread "Build operations" [_thread_blocked, id=11060, stack(0x0000000021930000,0x0000000021a30000)]
  0x000000001a82a800 JavaThread "Cache worker for cache directory md-rule (C:\Users\Lenovo G50\.gradle\caches\5.5\md-rule)" [_thread_blocked, id=5904, stack(0x0000000021830000,0x0000000021930000)]
  0x000000001a81e000 JavaThread "Cache worker for cache directory md-supplier (C:\Users\Lenovo G50\.gradle\caches\5.5\md-supplier)" [_thread_blocked, id=18032, stack(0x0000000021730000,0x0000000021830000)]
  0x000000001a81e800 JavaThread "Cache worker for file hash cache (D:\androidreact\Trialone\Trialone\android\.gradle\5.5\fileHashes)" [_thread_blocked, id=7880, stack(0x0000000021630000,0x0000000021730000)]
  0x000000001a824800 JavaThread "Thread-45" [_thread_blocked, id=3712, stack(0x0000000021530000,0x0000000021630000)]
  0x000000001a821800 JavaThread "Stdin handler" [_thread_blocked, id=11116, stack(0x0000000021430000,0x0000000021530000)]
  0x000000001a824000 JavaThread "Asynchronous log dispatcher for DefaultDaemonConnection: socket connection from /127.0.0.1:13682 to /127.0.0.1:13888" [_thread_blocked, id=13248, stack(0x0000000021330000,0x0000000021430000)]
  0x000000001a820000 JavaThread "Daemon worker Thread 3" [_thread_in_native, id=17556, stack(0x0000000021230000,0x0000000021330000)]
  0x000000001a81f800 JavaThread "Cancel handler" [_thread_blocked, id=16420, stack(0x0000000021130000,0x0000000021230000)]
  0x000000001a822800 JavaThread "Handler for socket connection from /127.0.0.1:13682 to /127.0.0.1:13888" [_thread_in_native, id=16416, stack(0x0000000021030000,0x0000000021130000)]
  0x000000001a81c800 JavaThread "Daemon Thread 3" [_thread_blocked, id=6792, stack(0x0000000020f30000,0x0000000021030000)]
  0x000000001a823000 JavaThread "Device List Monitor" [_thread_in_native, id=9724, stack(0x000000001fa30000,0x000000001fb30000)]
  0x000000001a81b800 JavaThread "Monitor" [_thread_in_native, id=7228, stack(0x000000001f630000,0x000000001f730000)]
  0x000000001a81d000 JavaThread "Cache worker for file content cache (C:\Users\Lenovo G50\.gradle\caches\5.5\fileContent)" [_thread_blocked, id=14472, stack(0x000000001ee30000,0x000000001ef30000)]
  0x000000001a821000 JavaThread "Memory manager" [_thread_blocked, id=6700, stack(0x000000001e6e0000,0x000000001e7e0000)]
  0x000000001582e000 JavaThread "Cache worker for execution history cache (C:\Users\Lenovo G50\.gradle\caches\5.5\executionHistory)" [_thread_blocked, id=17752, stack(0x000000001bd10000,0x000000001be10000)]
  0x0000000015832000 JavaThread "Cache worker for journal cache (C:\Users\Lenovo G50\.gradle\caches\journal-1)" [_thread_blocked, id=3940, stack(0x0000000018870000,0x0000000018970000)]
  0x000000001582f000 JavaThread "File lock request listener" [_thread_in_native, id=8044, stack(0x0000000018770000,0x0000000018870000)]
  0x0000000015832800 JavaThread "Cache worker for file hash cache (C:\Users\Lenovo G50\.gradle\caches\5.5\fileHashes)" [_thread_blocked, id=4836, stack(0x0000000018670000,0x0000000018770000)]
  0x000000001620f800 JavaThread "Daemon periodic checks" [_thread_blocked, id=13868, stack(0x0000000017b70000,0x0000000017c70000)]
  0x00000000159a4800 JavaThread "Incoming local TCP Connector on port 13682" [_thread_in_native, id=2172, stack(0x0000000017930000,0x0000000017a30000)]
  0x0000000016cc9800 JavaThread "Daemon health stats" [_thread_blocked, id=16772, stack(0x00000000172f0000,0x00000000173f0000)]
  0x000000001436b800 JavaThread "Service Thread" daemon [_thread_blocked, id=6736, stack(0x0000000015520000,0x0000000015620000)]
  0x000000001430d800 JavaThread "C1 CompilerThread1" daemon [_thread_blocked, id=3904, stack(0x0000000015420000,0x0000000015520000)]
=>0x000000001430b800 JavaThread "C2 CompilerThread0" daemon [_thread_in_native, id=3964, stack(0x0000000015320000,0x0000000015420000)]
  0x000000001430a000 JavaThread "Attach Listener" daemon [_thread_blocked, id=4816, stack(0x0000000015220000,0x0000000015320000)]
  0x0000000014307000 JavaThread "Signal Dispatcher" daemon [_thread_blocked, id=7696, stack(0x0000000015120000,0x0000000015220000)]
  0x0000000003118000 JavaThread "Finalizer" daemon [_thread_blocked, id=3816, stack(0x0000000014f30000,0x0000000015030000)]
  0x00000000142e8800 JavaThread "Reference Handler" daemon [_thread_blocked, id=8516, stack(0x0000000014e30000,0x0000000014f30000)]
  0x0000000003027800 JavaThread "main" [_thread_blocked, id=768, stack(0x0000000002ed0000,0x0000000002fd0000)]

Other Threads:
  0x00000000142c7800 VMThread [stack: 0x0000000014d30000,0x0000000014e30000] [id=17064]
  0x000000001436e000 WatcherThread [stack: 0x0000000015620000,0x0000000015720000] [id=13740]

VM state:not at safepoint (normal execution)

VM Mutex/Monitor currently owned by a thread: None

heap address: 0x00000000e0000000, size: 512 MB, Compressed Oops mode: 32-bit
Narrow klass base: 0x0000000000000000, Narrow klass shift: 3
Compressed class space size: 1073741824 Address: 0x0000000100000000

Heap:
 PSYoungGen      total 147456K, used 40711K [0x00000000f5580000, 0x0000000100000000, 0x0000000100000000)
  eden space 122880K, 13% used [0x00000000f5580000,0x00000000f6584c98,0x00000000fcd80000)
  from space 24576K, 98% used [0x00000000fcf00000,0x00000000fe6bcf88,0x00000000fe700000)
  to   space 25600K, 0% used [0x00000000fe700000,0x00000000fe700000,0x0000000100000000)
 ParOldGen       total 315904K, used 40923K [0x00000000e0000000, 0x00000000f3480000, 0x00000000f5580000)
  object space 315904K, 12% used [0x00000000e0000000,0x00000000e27f6ff0,0x00000000f3480000)
 Metaspace       used 72319K, capacity 75100K, committed 75392K, reserved 1114112K
  class space    used 9620K, capacity 10267K, committed 10368K, reserved 1048576K

Card table byte_map: [0x00000000124e0000,0x00000000125f0000] byte_map_base: 0x0000000011de0000

Marking Bits: (ParMarkBitMap*) 0x0000000067525ce0
 Begin Bits: [0x00000000128a0000, 0x00000000130a0000)
 End Bits:   [0x00000000130a0000, 0x00000000138a0000)

Polling page: 0x00000000014a0000

CodeCache: size=245760Kb used=30235Kb max_used=30527Kb free=215524Kb
 bounds [0x0000000003120000, 0x0000000004f20000, 0x0000000012120000]
 total_blobs=9976 nmethods=9132 adapters=757
 compilation: enabled

Compilation events (10 events):
Event: 1124.763 Thread 0x000000001430d800 nmethod 10757 0x0000000003d33c10 code [0x0000000003d33d80, 0x0000000003d33f30]
Event: 1124.835 Thread 0x000000001430b800 10758       4       java.io.ObjectOutputStream$BlockDataOutputStream::writeByte (33 bytes)
Event: 1124.837 Thread 0x000000001430b800 nmethod 10758 0x0000000003aa6bd0 code [0x0000000003aa6d00, 0x0000000003aa6dd8]
Event: 1124.837 Thread 0x000000001430d800 10759   !   3       org.gradle.internal.serialize.ExceptionReplacingObjectOutputStream$1::transform (15 bytes)
Event: 1124.839 Thread 0x000000001430d800 nmethod 10759 0x0000000003ce3410 code [0x0000000003ce35e0, 0x0000000003ce3e18]
Event: 1124.840 Thread 0x000000001430b800 10760       4       org.gradle.internal.io.StreamByteBuffer$StreamByteBufferOutputStream::write (115 bytes)
Event: 1124.855 Thread 0x000000001430b800 nmethod 10760 0x0000000003d38190 code [0x0000000003d38300, 0x0000000003d387c8]
Event: 1124.878 Thread 0x000000001430b800 10761       4       java.io.ObjectOutputStream$HandleTable::insert (39 bytes)
Event: 1124.882 Thread 0x000000001430b800 nmethod 10761 0x00000000046ab010 code [0x00000000046ab160, 0x00000000046ab348]
Event: 1124.896 Thread 0x000000001430b800 10762   !   4       java.io.ObjectOutputStream::writeObject0 (619 bytes)

GC Heap History (10 events):
Event: 108.920 GC heap before
{Heap before GC invocations=12 (full 3):
 PSYoungGen      total 126976K, used 15331K [0x00000000f5580000, 0x0000000100000000, 0x0000000100000000)
  eden space 111616K, 0% used [0x00000000f5580000,0x00000000f5580000,0x00000000fc280000)
  from space 15360K, 99% used [0x00000000fc280000,0x00000000fd178cd8,0x00000000fd180000)
  to   space 19456K, 0% used [0x00000000fed00000,0x00000000fed00000,0x0000000100000000)
 ParOldGen       total 216064K, used 25409K [0x00000000e0000000, 0x00000000ed300000, 0x00000000f5580000)
  object space 216064K, 11% used [0x00000000e0000000,0x00000000e18d0438,0x00000000ed300000)
 Metaspace       used 57281K, capacity 58836K, committed 59028K, reserved 1099776K
  class space    used 7851K, capacity 8327K, committed 8448K, reserved 1048576K
Event: 109.533 GC heap after
Heap after GC invocations=12 (full 3):
 PSYoungGen      total 126976K, used 0K [0x00000000f5580000, 0x0000000100000000, 0x0000000100000000)
  eden space 111616K, 0% used [0x00000000f5580000,0x00000000f5580000,0x00000000fc280000)
  from space 15360K, 0% used [0x00000000fc280000,0x00000000fc280000,0x00000000fd180000)
  to   space 19456K, 0% used [0x00000000fed00000,0x00000000fed00000,0x0000000100000000)
 ParOldGen       total 315904K, used 35292K [0x00000000e0000000, 0x00000000f3480000, 0x00000000f5580000)
  object space 315904K, 11% used [0x00000000e0000000,0x00000000e2277178,0x00000000f3480000)
 Metaspace       used 57281K, capacity 58836K, committed 59028K, reserved 1099776K
  class space    used 7851K, capacity 8327K, committed 8448K, reserved 1048576K
}
Event: 119.126 GC heap before
{Heap before GC invocations=13 (full 3):
 PSYoungGen      total 126976K, used 111616K [0x00000000f5580000, 0x0000000100000000, 0x0000000100000000)
  eden space 111616K, 100% used [0x00000000f5580000,0x00000000fc280000,0x00000000fc280000)
  from space 15360K, 0% used [0x00000000fc280000,0x00000000fc280000,0x00000000fd180000)
  to   space 19456K, 0% used [0x00000000fed00000,0x00000000fed00000,0x0000000100000000)
 ParOldGen       total 315904K, used 35292K [0x00000000e0000000, 0x00000000f3480000, 0x00000000f5580000)
  object space 315904K, 11% used [0x00000000e0000000,0x00000000e2277178,0x00000000f3480000)
 Metaspace       used 63374K, capacity 65268K, committed 65408K, reserved 1105920K
  class space    used 8769K, capacity 9319K, committed 9344K, reserved 1048576K
Event: 119.175 GC heap after
Heap after GC invocations=13 (full 3):
 PSYoungGen      total 148992K, used 11924K [0x00000000f5580000, 0x00000000ffc80000, 0x0000000100000000)
  eden space 133120K, 0% used [0x00000000f5580000,0x00000000f5580000,0x00000000fd780000)
  from space 15872K, 75% used [0x00000000fed00000,0x00000000ff8a52d8,0x00000000ffc80000)
  to   space 18944K, 0% used [0x00000000fd780000,0x00000000fd780000,0x00000000fea00000)
 ParOldGen       total 315904K, used 35300K [0x00000000e0000000, 0x00000000f3480000, 0x00000000f5580000)
  object space 315904K, 11% used [0x00000000e0000000,0x00000000e2279178,0x00000000f3480000)
 Metaspace       used 63374K, capacity 65268K, committed 65408K, reserved 1105920K
  class space    used 8769K, capacity 9319K, committed 9344K, reserved 1048576K
}
Event: 132.979 GC heap before
{Heap before GC invocations=14 (full 3):
 PSYoungGen      total 148992K, used 145044K [0x00000000f5580000, 0x00000000ffc80000, 0x0000000100000000)
  eden space 133120K, 100% used [0x00000000f5580000,0x00000000fd780000,0x00000000fd780000)
  from space 15872K, 75% used [0x00000000fed00000,0x00000000ff8a52d8,0x00000000ffc80000)
  to   space 18944K, 0% used [0x00000000fd780000,0x00000000fd780000,0x00000000fea00000)
 ParOldGen       total 315904K, used 35300K [0x00000000e0000000, 0x00000000f3480000, 0x00000000f5580000)
  object space 315904K, 11% used [0x00000000e0000000,0x00000000e2279178,0x00000000f3480000)
 Metaspace       used 66647K, capacity 68868K, committed 69120K, reserved 1107968K
  class space    used 9182K, capacity 9709K, committed 9728K, reserved 1048576K
Event: 133.050 GC heap after
Heap after GC invocations=14 (full 3):
 PSYoungGen      total 152064K, used 18291K [0x00000000f5580000, 0x0000000100000000, 0x0000000100000000)
  eden space 133120K, 0% used [0x00000000f5580000,0x00000000f5580000,0x00000000fd780000)
  from space 18944K, 96% used [0x00000000fd780000,0x00000000fe95ce40,0x00000000fea00000)
  to   space 20480K, 0% used [0x00000000fec00000,0x00000000fec00000,0x0000000100000000)
 ParOldGen       total 315904K, used 35308K [0x00000000e0000000, 0x00000000f3480000, 0x00000000f5580000)
  object space 315904K, 11% used [0x00000000e0000000,0x00000000e227b178,0x00000000f3480000)
 Metaspace       used 66647K, capacity 68868K, committed 69120K, reserved 1107968K
  class space    used 9182K, capacity 9709K, committed 9728K, reserved 1048576K
}
Event: 788.519 GC heap before
{Heap before GC invocations=15 (full 3):
 PSYoungGen      total 152064K, used 151411K [0x00000000f5580000, 0x0000000100000000, 0x0000000100000000)
  eden space 133120K, 100% used [0x00000000f5580000,0x00000000fd780000,0x00000000fd780000)
  from space 18944K, 96% used [0x00000000fd780000,0x00000000fe95ce40,0x00000000fea00000)
  to   space 20480K, 0% used [0x00000000fec00000,0x00000000fec00000,0x0000000100000000)
 ParOldGen       total 315904K, used 35308K [0x00000000e0000000, 0x00000000f3480000, 0x00000000f5580000)
  object space 315904K, 11% used [0x00000000e0000000,0x00000000e227b178,0x00000000f3480000)
 Metaspace       used 71260K, capacity 73628K, committed 73856K, reserved 1114112K
  class space    used 9510K, capacity 10095K, committed 10112K, reserved 1048576K
Event: 788.644 GC heap after
Heap after GC invocations=15 (full 3):
 PSYoungGen      total 144896K, used 20452K [0x00000000f5580000, 0x0000000100000000, 0x0000000100000000)
  eden space 124416K, 0% used [0x00000000f5580000,0x00000000f5580000,0x00000000fcf00000)
  from space 20480K, 99% used [0x00000000fec00000,0x00000000ffff9058,0x0000000100000000)
  to   space 25088K, 0% used [0x00000000fcf00000,0x00000000fcf00000,0x00000000fe780000)
 ParOldGen       total 315904K, used 40915K [0x00000000e0000000, 0x00000000f3480000, 0x00000000f5580000)
  object space 315904K, 12% used [0x00000000e0000000,0x00000000e27f4ff0,0x00000000f3480000)
 Metaspace       used 71260K, capacity 73628K, committed 73856K, reserved 1114112K
  class space    used 9510K, capacity 10095K, committed 10112K, reserved 1048576K
}
Event: 1077.102 GC heap before
{Heap before GC invocations=16 (full 3):
 PSYoungGen      total 144896K, used 144868K [0x00000000f5580000, 0x0000000100000000, 0x0000000100000000)
  eden space 124416K, 100% used [0x00000000f5580000,0x00000000fcf00000,0x00000000fcf00000)
  from space 20480K, 99% used [0x00000000fec00000,0x00000000ffff9058,0x0000000100000000)
  to   space 25088K, 0% used [0x00000000fcf00000,0x00000000fcf00000,0x00000000fe780000)
 ParOldGen       total 315904K, used 40915K [0x00000000e0000000, 0x00000000f3480000, 0x00000000f5580000)
  object space 315904K, 12% used [0x00000000e0000000,0x00000000e27f4ff0,0x00000000f3480000)
 Metaspace       used 72056K, capacity 74784K, committed 75008K, reserved 1114112K
  class space    used 9588K, capacity 10209K, committed 10240K, reserved 1048576K
Event: 1077.621 GC heap after
Heap after GC invocations=16 (full 3):
 PSYoungGen      total 147456K, used 24307K [0x00000000f5580000, 0x0000000100000000, 0x0000000100000000)
  eden space 122880K, 0% used [0x00000000f5580000,0x00000000f5580000,0x00000000fcd80000)
  from space 24576K, 98% used [0x00000000fcf00000,0x00000000fe6bcf88,0x00000000fe700000)
  to   space 25600K, 0% used [0x00000000fe700000,0x00000000fe700000,0x0000000100000000)
 ParOldGen       total 315904K, used 40923K [0x00000000e0000000, 0x00000000f3480000, 0x00000000f5580000)
  object space 315904K, 12% used [0x00000000e0000000,0x00000000e27f6ff0,0x00000000f3480000)
 Metaspace       used 72056K, capacity 74784K, committed 75008K, reserved 1114112K
  class space    used 9588K, capacity 10209K, committed 10240K, reserved 1048576K
}

Deoptimization events (10 events):
Event: 1123.899 Thread 0x000000001a829000 Uncommon trap: reason=unstable_if action=reinterpret pc=0x0000000004d25524 method=org.gradle.internal.logging.events.LogEvent.render(Lorg/gradle/internal/logging/text/StyledTextOutput;)V @ 22
Event: 1124.081 Thread 0x000000001a820000 Uncommon trap: reason=bimorphic action=maybe_recompile pc=0x0000000003b9b91c method=org.gradle.internal.logging.text.AbstractStyledTextOutput.text(Ljava/lang/Object;)Lorg/gradle/internal/logging/text/StyledTextOutput; @ 11
Event: 1124.289 Thread 0x000000001a820000 Uncommon trap: reason=class_check action=maybe_recompile pc=0x00000000032c9c58 method=java.lang.String.equals(Ljava/lang/Object;)Z @ 8
Event: 1124.289 Thread 0x000000001a820000 Uncommon trap: reason=class_check action=maybe_recompile pc=0x00000000032c9c58 method=java.lang.String.equals(Ljava/lang/Object;)Z @ 8
Event: 1124.289 Thread 0x000000001a820000 Uncommon trap: reason=class_check action=maybe_recompile pc=0x00000000032c9c58 method=java.lang.String.equals(Ljava/lang/Object;)Z @ 8
Event: 1124.289 Thread 0x000000001a820000 Uncommon trap: reason=class_check action=maybe_recompile pc=0x00000000032c9c58 method=java.lang.String.equals(Ljava/lang/Object;)Z @ 8
Event: 1124.340 Thread 0x000000001a820000 Uncommon trap: reason=unstable_if action=reinterpret pc=0x0000000004bf6020 method=org.gradle.internal.io.StreamByteBuffer.allocateSpace()I @ 9
Event: 1124.382 Thread 0x000000001a820000 Uncommon trap: reason=unstable_if action=reinterpret pc=0x0000000003815928 method=java.lang.Class.arrayContentsEq([Ljava/lang/Object;[Ljava/lang/Object;)Z @ 1
Event: 1124.388 Thread 0x000000001a820000 Uncommon trap: reason=unstable_if action=reinterpret pc=0x000000000470632c method=org.gradle.internal.io.StreamByteBuffer.prepareRead()I @ 30
Event: 1124.435 Thread 0x000000001a824000 Uncommon trap: reason=unstable_if action=reinterpret pc=0x000000000398cb38 method=java.lang.ref.SoftReference.get()Ljava/lang/Object; @ 6

Classes redefined (0 events):
No events

Internal exceptions (10 events):
Event: 1034.550 Thread 0x000000001a820000 Exception <a 'sun/nio/fs/WindowsException'> (0x00000000f8ce1c18) thrown at [C:\re\workspace\8-2-build-windows-amd64-cygwin\jdk8u211\12973\hotspot\src\share\vm\prims\jni.cpp, line 710]
Event: 1035.716 Thread 0x000000001a820000 Exception <a 'java/net/UnknownHostException': jcenter.bintray.com> (0x00000000f928dc40) thrown at [C:\re\workspace\8-2-build-windows-amd64-cygwin\jdk8u211\12973\hotspot\src\share\vm\prims\jni.cpp, line 736]
Event: 1123.889 Thread 0x000000001a823000 Exception <a 'java/io/IOException'> (0x00000000f62f7468) thrown at [C:\re\workspace\8-2-build-windows-amd64-cygwin\jdk8u211\12973\hotspot\src\share\vm\prims\jni.cpp, line 710]
Event: 1123.898 Thread 0x000000001a829000 Exception <a 'java/io/IOException'> (0x00000000f62ed540) thrown at [C:\re\workspace\8-2-build-windows-amd64-cygwin\jdk8u211\12973\hotspot\src\share\vm\prims\jni.cpp, line 710]
Event: 1123.973 Thread 0x000000001a829000 Exception <a 'java/lang/reflect/InvocationTargetException'> (0x00000000f6359718) thrown at [C:\re\workspace\8-2-build-windows-amd64-cygwin\jdk8u211\12973\hotspot\src\share\vm\runtime\reflection.cpp, line 1092]
Event: 1124.382 Thread 0x000000001a820000 Implicit null exception at 0x000000000381566c to 0x00000000038158fd
Event: 1124.408 Thread 0x000000001a824000 Exception <a 'java/lang/NoSuchMethodError': <clinit>> (0x00000000f64b3068) thrown at [C:\re\workspace\8-2-build-windows-amd64-cygwin\jdk8u211\12973\hotspot\src\share\vm\prims\jni.cpp, line 1614]
Event: 1124.435 Thread 0x000000001a824000 Implicit null exception at 0x000000000398c8e0 to 0x000000000398cb1d
Event: 1124.645 Thread 0x000000001a824000 Exception <a 'java/lang/NoSuchMethodError': <clinit>> (0x00000000f64e1ae8) thrown at [C:\re\workspace\8-2-build-windows-amd64-cygwin\jdk8u211\12973\hotspot\src\share\vm\prims\jni.cpp, line 1614]
Event: 1124.980 Thread 0x000000001a823000 Exception <a 'java/net/ConnectException': Connection refused: connect> (0x00000000f62fa3d8) thrown at [C:\re\workspace\8-2-build-windows-amd64-cygwin\jdk8u211\12973\hotspot\src\share\vm\prims\jni.cpp, line 736]

Events (10 events):
Event: 1124.388 Thread 0x000000001a820000 Uncommon trap: trap_request=0xffffff65 fr.pc=0x000000000470632c
Event: 1124.388 Thread 0x000000001a820000 DEOPT PACKING pc=0x000000000470632c sp=0x000000002132d800
Event: 1124.388 Thread 0x000000001a820000 DEOPT UNPACKING pc=0x000000000316583b sp=0x000000002132d798 mode 2
Event: 1124.435 Thread 0x000000001a824000 Uncommon trap: trap_request=0xffffff65 fr.pc=0x000000000398cb38
Event: 1124.435 Thread 0x000000001a824000 DEOPT PACKING pc=0x000000000398cb38 sp=0x000000002142dbf0
Event: 1124.435 Thread 0x000000001a824000 DEOPT UNPACKING pc=0x000000000316583b sp=0x000000002142db28 mode 2
Event: 1124.436 Executing VM operation: BulkRevokeBias
Event: 1124.641 Executing VM operation: BulkRevokeBias done
Event: 1124.687 loading class java/io/NotSerializableException
Event: 1124.687 loading class java/io/NotSerializableException done


Dynamic libraries:
0x00007ff63bd00000 - 0x00007ff63bd37000 	C:\Program Files\Java\jdk1.8.0_211\bin\java.exe
0x00007ffc797e0000 - 0x00007ffc799c1000 	C:\WINDOWS\SYSTEM32\ntdll.dll
0x00007ffc52860000 - 0x00007ffc52874000 	C:\Program Files\AVAST Software\Avast\aswhook.dll
0x00007ffc77310000 - 0x00007ffc773c1000 	C:\WINDOWS\System32\KERNEL32.DLL
0x00007ffc767f0000 - 0x00007ffc76a63000 	C:\WINDOWS\System32\KERNELBASE.dll
0x00007ffc79510000 - 0x00007ffc795b1000 	C:\WINDOWS\System32\ADVAPI32.dll
0x00007ffc795c0000 - 0x00007ffc7965e000 	C:\WINDOWS\System32\msvcrt.dll
0x00007ffc77110000 - 0x00007ffc7716b000 	C:\WINDOWS\System32\sechost.dll
0x00007ffc77550000 - 0x00007ffc77674000 	C:\WINDOWS\System32\RPCRT4.dll
0x00007ffc78b50000 - 0x00007ffc78ce0000 	C:\WINDOWS\System32\USER32.dll
0x00007ffc76780000 - 0x00007ffc767a0000 	C:\WINDOWS\System32\win32u.dll
0x00007ffc78ce0000 - 0x00007ffc78d08000 	C:\WINDOWS\System32\GDI32.dll
0x00007ffc76540000 - 0x00007ffc766d1000 	C:\WINDOWS\System32\gdi32full.dll
0x00007ffc766e0000 - 0x00007ffc7677f000 	C:\WINDOWS\System32\msvcp_win.dll
0x00007ffc763c0000 - 0x00007ffc764b8000 	C:\WINDOWS\System32\ucrtbase.dll
0x00007ffc65d80000 - 0x00007ffc65fe9000 	C:\WINDOWS\WinSxS\amd64_microsoft.windows.common-controls_6595b64144ccf1df_6.0.17134.1067_none_d401a3eb7c8ebdea\COMCTL32.dll
0x00007ffc79010000 - 0x00007ffc79331000 	C:\WINDOWS\System32\combase.dll
0x00007ffc764c0000 - 0x00007ffc76539000 	C:\WINDOWS\System32\bcryptPrimitives.dll
0x00007ffc78d10000 - 0x00007ffc78d3d000 	C:\WINDOWS\System32\IMM32.DLL
0x00000000675b0000 - 0x0000000067682000 	C:\Program Files\Java\jdk1.8.0_211\jre\bin\msvcr100.dll
0x0000000066d00000 - 0x00000000675a5000 	C:\Program Files\Java\jdk1.8.0_211\jre\bin\server\jvm.dll
0x00007ffc77480000 - 0x00007ffc77488000 	C:\WINDOWS\System32\PSAPI.DLL
0x00007ffc678f0000 - 0x00007ffc678f9000 	C:\WINDOWS\SYSTEM32\WSOCK32.dll
0x00007ffc794a0000 - 0x00007ffc7950c000 	C:\WINDOWS\System32\WS2_32.dll
0x00007ffc71740000 - 0x00007ffc71763000 	C:\WINDOWS\SYSTEM32\WINMM.dll
0x00007ffc71fd0000 - 0x00007ffc71fda000 	C:\WINDOWS\SYSTEM32\VERSION.dll
0x00007ffc71710000 - 0x00007ffc7173a000 	C:\WINDOWS\SYSTEM32\WINMMBASE.dll
0x00007ffc767a0000 - 0x00007ffc767e9000 	C:\WINDOWS\System32\cfgmgr32.dll
0x00007ffc6f970000 - 0x00007ffc6f97f000 	C:\Program Files\Java\jdk1.8.0_211\jre\bin\verify.dll
0x00007ffc67a60000 - 0x00007ffc67a89000 	C:\Program Files\Java\jdk1.8.0_211\jre\bin\java.dll
0x00007ffc6cb20000 - 0x00007ffc6cb36000 	C:\Program Files\Java\jdk1.8.0_211\jre\bin\zip.dll
0x00007ffc77700000 - 0x00007ffc78b44000 	C:\WINDOWS\System32\SHELL32.dll
0x00007ffc773d0000 - 0x00007ffc77479000 	C:\WINDOWS\System32\shcore.dll
0x00007ffc75c50000 - 0x00007ffc76360000 	C:\WINDOWS\System32\windows.storage.dll
0x00007ffc78d40000 - 0x00007ffc78d91000 	C:\WINDOWS\System32\shlwapi.dll
0x00007ffc75b30000 - 0x00007ffc75b41000 	C:\WINDOWS\System32\kernel.appcore.dll
0x00007ffc75ae0000 - 0x00007ffc75aff000 	C:\WINDOWS\System32\profapi.dll
0x00007ffc75b50000 - 0x00007ffc75b9c000 	C:\WINDOWS\System32\powrprof.dll
0x00007ffc75b00000 - 0x00007ffc75b0a000 	C:\WINDOWS\System32\FLTLIB.DLL
0x00007ffc6ca40000 - 0x00007ffc6ca5a000 	C:\Program Files\Java\jdk1.8.0_211\jre\bin\net.dll
0x00007ffc6e4b0000 - 0x00007ffc6e67a000 	C:\WINDOWS\SYSTEM32\urlmon.dll
0x00007ffc6ef20000 - 0x00007ffc6f1c7000 	C:\WINDOWS\SYSTEM32\iertutil.dll
0x00007ffc754d0000 - 0x00007ffc754db000 	C:\WINDOWS\SYSTEM32\CRYPTBASE.DLL
0x00007ffc75300000 - 0x00007ffc75366000 	C:\WINDOWS\system32\mswsock.dll
0x00007ffc698e0000 - 0x00007ffc698f2000 	C:\Program Files\Java\jdk1.8.0_211\jre\bin\nio.dll
0x00007ffc4dad0000 - 0x00007ffc4daf6000 	C:\Users\Lenovo G50\.gradle\native\29\windows-amd64\native-platform.dll
0x00007ffc6f910000 - 0x00007ffc6f91d000 	C:\Program Files\Java\jdk1.8.0_211\jre\bin\management.dll
0x00007ffc754b0000 - 0x00007ffc754c7000 	C:\WINDOWS\SYSTEM32\CRYPTSP.dll
0x00007ffc74eb0000 - 0x00007ffc74ee3000 	C:\WINDOWS\system32\rsaenh.dll
0x00007ffc75640000 - 0x00007ffc75665000 	C:\WINDOWS\SYSTEM32\bcrypt.dll
0x00007ffc759e0000 - 0x00007ffc75a08000 	C:\WINDOWS\SYSTEM32\USERENV.dll
0x00007ffc75050000 - 0x00007ffc75088000 	C:\WINDOWS\SYSTEM32\IPHLPAPI.DLL
0x00007ffc77180000 - 0x00007ffc77188000 	C:\WINDOWS\System32\NSI.dll
0x00007ffc69550000 - 0x00007ffc69566000 	C:\WINDOWS\SYSTEM32\dhcpcsvc6.DLL
0x00007ffc69c20000 - 0x00007ffc69c3a000 	C:\WINDOWS\SYSTEM32\dhcpcsvc.DLL
0x00007ffc4d8a0000 - 0x00007ffc4d8c4000 	C:\Program Files\Java\jdk1.8.0_211\jre\bin\sunec.dll
0x00007ffc750a0000 - 0x00007ffc7515e000 	C:\WINDOWS\SYSTEM32\DNSAPI.dll
0x00007ffc68090000 - 0x00007ffc6809a000 	C:\Windows\System32\rasadhlp.dll

VM Arguments:
jvm_args: -XX:MaxMetaspaceSize=256m -XX:+HeapDumpOnOutOfMemoryError -Xms256m -Xmx512m -Dfile.encoding=windows-1252 -Duser.country=US -Duser.language=en -Duser.variant 
java_command: org.gradle.launcher.daemon.bootstrap.GradleDaemon 5.5
java_class_path (initial): C:\Users\Lenovo G50\.gradle\wrapper\dists\gradle-5.5-all\byeise1led9a3w3p149d02kfj\gradle-5.5\lib\gradle-launcher-5.5.jar
Launcher Type: SUN_STANDARD

Environment Variables:
JAVA_HOME=C:\Program Files\Java\jdk1.8.0_211
CLASSPATH=D:\androidreact\Trialone\Trialone\android\\gradle\wrapper\gradle-wrapper.jar
USERNAME=Lenovo G50
SHELL=C:\Program Files\Git\usr\bin\bash.exe
DISPLAY=needs-to-be-defined
OS=Windows_NT
PROCESSOR_IDENTIFIER=Intel64 Family 6 Model 55 Stepping 8, GenuineIntel



---------------  S Y S T E M  ---------------

OS: Windows 10.0 , 64 bit Build 17134 (10.0.17134.753)

CPU:total 2 (initial active 2) (2 cores per cpu, 1 threads per core) family 6 model 55 stepping 8, cmov, cx8, fxsr, mmx, sse, sse2, sse3, ssse3, sse4.1, sse4.2, popcnt, clmul, erms, 3dnowpref, tsc, tscinvbit

Memory: 4k page, physical 8269020k(588072k free), swap 10219740k(31088k free)

vm_info: Java HotSpot(TM) 64-Bit Server VM (25.211-b12) for windows-amd64 JRE (1.8.0_211-b12), built on Apr  1 2019 20:53:26 by "java_re" with MS VC++ 10.0 (VS2010)

time: Tue Feb 18 16:01:43 2020
timezone: GMT Standard Time
elapsed time: 1126 seconds (0d 0h 18m 46s)

