#
# There is insufficient memory for the Java Runtime Environment to continue.
# Native memory allocation (malloc) failed to allocate 32744 bytes for ChunkPool::allocate
# Possible reasons:
#   The system is out of physical RAM or swap space
#   The process is running with CompressedOops enabled, and the Java Heap may be blocking the growth of the native heap
# Possible solutions:
#   Reduce memory load on the system
#   Increase physical memory or swap space
#   Check if swap backing store is full
#   Decrease Java heap size (-Xmx/-Xms)
#   Decrease number of Java threads
#   Decrease Java thread stack sizes (-Xss)
#   Set larger code cache with -XX:ReservedCodeCacheSize=
#   JVM is running with Unscaled Compressed Oops mode in which the Java heap is
#     placed in the first 4GB address space. The Java Heap base address is the
#     maximum limit for the native heap growth. Please use -XX:HeapBaseMinAddress
#     to set the Java Heap base and to place the Java Heap above 4GB virtual address.
# This output file may be truncated or incomplete.
#
#  Out of Memory Error (allocation.cpp:272), pid=4504, tid=0x0000000000001ac4
#
# JRE version: Java(TM) SE Runtime Environment (8.0_211-b12) (build 1.8.0_211-b12)
# Java VM: Java HotSpot(TM) 64-Bit Server VM (25.211-b12 mixed mode windows-amd64 compressed oops)
# Failed to write core dump. Minidumps are not enabled by default on client versions of Windows
#

---------------  T H R E A D  ---------------

Current thread (0x0000000012ec3000):  JavaThread "C1 CompilerThread1" daemon [_thread_in_native, id=6852, stack(0x0000000013f90000,0x0000000014090000)]

Stack: [0x0000000013f90000,0x0000000014090000]
[error occurred during error reporting (printing stack bounds), id 0xc0000005]

Native frames: (J=compiled Java code, j=interpreted, Vv=VM code, C=native code)


Current CompileTask:
C1: 160717 1373   !   3       java.io.ObjectInputStream::readObject0 (566 bytes)


---------------  P R O C E S S  ---------------

Java Threads: ( => current thread )
  0x0000000014e9f800 JavaThread "Forward input" [_thread_blocked, id=13068, stack(0x00000000166a0000,0x00000000167a0000)]
  0x0000000012ef2000 JavaThread "DisconnectableInputStream source reader" daemon [_thread_in_native, id=9656, stack(0x00000000165a0000,0x00000000166a0000)]
  0x000000001446d000 JavaThread "pool-1-thread-1" [_thread_blocked, id=12384, stack(0x00000000161a0000,0x00000000162a0000)]
  0x0000000012ecb000 JavaThread "Service Thread" daemon [_thread_blocked, id=13096, stack(0x0000000014090000,0x0000000014190000)]
=>0x0000000012ec3000 JavaThread "C1 CompilerThread1" daemon [_thread_in_native, id=6852, stack(0x0000000013f90000,0x0000000014090000)]
  0x0000000012e6b000 JavaThread "C2 CompilerThread0" daemon [_thread_blocked, id=3760, stack(0x0000000013e90000,0x0000000013f90000)]
  0x0000000012e69800 JavaThread "Attach Listener" daemon [_thread_blocked, id=4672, stack(0x0000000013d90000,0x0000000013e90000)]
  0x0000000012e65000 JavaThread "Signal Dispatcher" daemon [_thread_blocked, id=13476, stack(0x0000000013c90000,0x0000000013d90000)]
  0x0000000002d37000 JavaThread "Finalizer" daemon [_thread_blocked, id=15560, stack(0x0000000013aa0000,0x0000000013ba0000)]
  0x0000000012e48800 JavaThread "Reference Handler" daemon [_thread_blocked, id=7332, stack(0x00000000139a0000,0x0000000013aa0000)]
  0x0000000002c48000 JavaThread "main" [_thread_in_native, id=2736, stack(0x0000000002a60000,0x0000000002b60000)]

Other Threads:
  0x0000000002d2d000 VMThread [stack: 0x00000000138a0000,0x00000000139a0000] [id=9536]
  0x0000000012ecd800 WatcherThread [stack: 0x0000000014190000,0x0000000014290000] [id=17920]

VM state:not at safepoint (normal execution)

VM Mutex/Monitor currently owned by a thread: None

heap address: 0x00000000fc000000, size: 64 MB, Compressed Oops mode: 32-bit
Narrow klass base: 0x0000000000000000, Narrow klass shift: 3
Compressed class space size: 1073741824 Address: 0x0000000100000000

Heap:
 PSYoungGen      total 18944K, used 13258K [0x00000000feb00000, 0x0000000100000000, 0x0000000100000000)
  eden space 16384K, 65% used [0x00000000feb00000,0x00000000ff576820,0x00000000ffb00000)
  from space 2560K, 99% used [0x00000000ffd80000,0x00000000ffffc030,0x0000000100000000)
  to   space 2560K, 0% used [0x00000000ffb00000,0x00000000ffb00000,0x00000000ffd80000)
 ParOldGen       total 44032K, used 1363K [0x00000000fc000000, 0x00000000feb00000, 0x00000000feb00000)
  object space 44032K, 3% used [0x00000000fc000000,0x00000000fc154c70,0x00000000feb00000)
 Metaspace       used 11176K, capacity 11492K, committed 11648K, reserved 1058816K
  class space    used 1460K, capacity 1570K, committed 1664K, reserved 1048576K

Card table byte_map: [0x0000000001270000,0x00000000012a0000] byte_map_base: 0x0000000000a90000

Marking Bits: (ParMarkBitMap*) 0x0000000067525ce0
 Begin Bits: [0x0000000012300000, 0x0000000012400000)
 End Bits:   [0x0000000012400000, 0x0000000012500000)

Polling page: 0x0000000000f20000

CodeCache: size=245760Kb used=4170Kb max_used=4265Kb free=241589Kb
 bounds [0x0000000002d40000, 0x0000000003170000, 0x0000000011d40000]
 total_blobs=1668 nmethods=1306 adapters=275
 compilation: enabled

Compilation events (10 events):
Event: 160.540 Thread 0x0000000012ec3000 nmethod 1367 0x000000000316a290 code [0x000000000316a3e0, 0x000000000316a4f0]
Event: 160.540 Thread 0x0000000012ec3000 1368       3       java.io.ObjectInputStream$BlockDataInputStream::setBlockDataMode (74 bytes)
Event: 160.541 Thread 0x0000000012ec3000 nmethod 1368 0x0000000003169c90 code [0x0000000003169e00, 0x000000000316a188]
Event: 160.542 Thread 0x0000000012ec3000 1369       1       org.gradle.internal.serialize.ExceptionReplacingObjectInputStream::getObjectTransformer (5 bytes)
Event: 160.542 Thread 0x0000000012ec3000 nmethod 1369 0x00000000031699d0 code [0x0000000003169b20, 0x0000000003169c30]
Event: 160.543 Thread 0x0000000012ec3000 1371       3       java.io.ObjectInputStream$HandleTable::lookupException (29 bytes)
Event: 160.543 Thread 0x0000000012ec3000 nmethod 1371 0x0000000002e51b10 code [0x0000000002e51c80, 0x0000000002e51fb0]
Event: 160.544 Thread 0x0000000012ec3000 1372   !   3       java.io.ObjectInputStream$BlockDataInputStream::readUTFSpan (502 bytes)
Event: 160.546 Thread 0x0000000012ec3000 nmethod 1372 0x0000000002e4fdd0 code [0x0000000002e50020, 0x0000000002e50d08]
Event: 160.609 Thread 0x0000000012ec3000 1373   !   3       java.io.ObjectInputStream::readObject0 (566 bytes)

GC Heap History (4 events):
Event: 4.499 GC heap before
{Heap before GC invocations=1 (full 0):
 PSYoungGen      total 18944K, used 16384K [0x00000000feb00000, 0x0000000100000000, 0x0000000100000000)
  eden space 16384K, 100% used [0x00000000feb00000,0x00000000ffb00000,0x00000000ffb00000)
  from space 2560K, 0% used [0x00000000ffd80000,0x00000000ffd80000,0x0000000100000000)
  to   space 2560K, 0% used [0x00000000ffb00000,0x00000000ffb00000,0x00000000ffd80000)
 ParOldGen       total 44032K, used 0K [0x00000000fc000000, 0x00000000feb00000, 0x00000000feb00000)
  object space 44032K, 0% used [0x00000000fc000000,0x00000000fc000000,0x00000000feb00000)
 Metaspace       used 5855K, capacity 6048K, committed 6272K, reserved 1056768K
  class space    used 734K, capacity 800K, committed 896K, reserved 1048576K
Event: 4.511 GC heap after
Heap after GC invocations=1 (full 0):
 PSYoungGen      total 18944K, used 2533K [0x00000000feb00000, 0x0000000100000000, 0x0000000100000000)
  eden space 16384K, 0% used [0x00000000feb00000,0x00000000feb00000,0x00000000ffb00000)
  from space 2560K, 98% used [0x00000000ffb00000,0x00000000ffd79480,0x00000000ffd80000)
  to   space 2560K, 0% used [0x00000000ffd80000,0x00000000ffd80000,0x0000000100000000)
 ParOldGen       total 44032K, used 148K [0x00000000fc000000, 0x00000000feb00000, 0x00000000feb00000)
  object space 44032K, 0% used [0x00000000fc000000,0x00000000fc025170,0x00000000feb00000)
 Metaspace       used 5855K, capacity 6048K, committed 6272K, reserved 1056768K
  class space    used 734K, capacity 800K, committed 896K, reserved 1048576K
}
Event: 10.257 GC heap before
{Heap before GC invocations=2 (full 0):
 PSYoungGen      total 18944K, used 18917K [0x00000000feb00000, 0x0000000100000000, 0x0000000100000000)
  eden space 16384K, 100% used [0x00000000feb00000,0x00000000ffb00000,0x00000000ffb00000)
  from space 2560K, 98% used [0x00000000ffb00000,0x00000000ffd79480,0x00000000ffd80000)
  to   space 2560K, 0% used [0x00000000ffd80000,0x00000000ffd80000,0x0000000100000000)
 ParOldGen       total 44032K, used 148K [0x00000000fc000000, 0x00000000feb00000, 0x00000000feb00000)
  object space 44032K, 0% used [0x00000000fc000000,0x00000000fc025170,0x00000000feb00000)
 Metaspace       used 9091K, capacity 9374K, committed 9600K, reserved 1056768K
  class space    used 1212K, capacity 1293K, committed 1408K, reserved 1048576K
Event: 10.273 GC heap after
Heap after GC invocations=2 (full 0):
 PSYoungGen      total 18944K, used 2544K [0x00000000feb00000, 0x0000000100000000, 0x0000000100000000)
  eden space 16384K, 0% used [0x00000000feb00000,0x00000000feb00000,0x00000000ffb00000)
  from space 2560K, 99% used [0x00000000ffd80000,0x00000000ffffc030,0x0000000100000000)
  to   space 2560K, 0% used [0x00000000ffb00000,0x00000000ffb00000,0x00000000ffd80000)
 ParOldGen       total 44032K, used 1363K [0x00000000fc000000, 0x00000000feb00000, 0x00000000feb00000)
  object space 44032K, 3% used [0x00000000fc000000,0x00000000fc154c70,0x00000000feb00000)
 Metaspace       used 9091K, capacity 9374K, committed 9600K, reserved 1056768K
  class space    used 1212K, capacity 1293K, committed 1408K, reserved 1048576K
}

Deoptimization events (6 events):
Event: 2.770 Thread 0x0000000002c48000 Uncommon trap: reason=unstable_if action=reinterpret pc=0x0000000002ed9ef8 method=java.lang.String.startsWith(Ljava/lang/String;I)Z @ 25
Event: 5.579 Thread 0x0000000002c48000 Uncommon trap: reason=unstable_if action=reinterpret pc=0x0000000002fafd94 method=java.io.WinNTFileSystem.normalize(Ljava/lang/String;)Ljava/lang/String; @ 128
Event: 9.416 Thread 0x0000000002c48000 Uncommon trap: reason=unstable_if action=reinterpret pc=0x0000000002ff6320 method=java.util.HashMap.hash(Ljava/lang/Object;)I @ 1
Event: 10.284 Thread 0x0000000002c48000 Uncommon trap: reason=unstable_if action=reinterpret pc=0x0000000003009fb4 method=java.util.HashMap.getNode(ILjava/lang/Object;)Ljava/util/HashMap$Node; @ 129
Event: 10.284 Thread 0x0000000002c48000 Uncommon trap: reason=class_check action=maybe_recompile pc=0x0000000002ffcf8c method=java.util.HashMap.putVal(ILjava/lang/Object;Ljava/lang/Object;ZZ)Ljava/lang/Object; @ 203
Event: 124.524 Thread 0x000000001446d000 Uncommon trap: reason=unstable_if action=reinterpret pc=0x0000000003169414 method=org.gradle.internal.operations.OperationIdentifier.equals(Ljava/lang/Object;)Z @ 2

Classes redefined (0 events):
No events

Internal exceptions (10 events):
Event: 9.416 Thread 0x0000000002c48000 Implicit null exception at 0x0000000002ff6115 to 0x0000000002ff6311
Event: 9.430 Thread 0x0000000002c48000 Exception <a 'java/lang/ArrayIndexOutOfBoundsException'> (0x00000000ff62c858) thrown at [C:\re\workspace\8-2-build-windows-amd64-cygwin\jdk8u211\12973\hotspot\src\share\vm\runtime\sharedRuntime.cpp, line 605]
Event: 9.431 Thread 0x0000000002c48000 Exception <a 'java/lang/ArrayIndexOutOfBoundsException'> (0x00000000ff630a60) thrown at [C:\re\workspace\8-2-build-windows-amd64-cygwin\jdk8u211\12973\hotspot\src\share\vm\runtime\sharedRuntime.cpp, line 605]
Event: 9.526 Thread 0x0000000002c48000 Exception <a 'java/lang/ArrayIndexOutOfBoundsException'> (0x00000000ff6a3b70) thrown at [C:\re\workspace\8-2-build-windows-amd64-cygwin\jdk8u211\12973\hotspot\src\share\vm\runtime\sharedRuntime.cpp, line 605]
Event: 9.527 Thread 0x0000000002c48000 Exception <a 'java/lang/ArrayIndexOutOfBoundsException'> (0x00000000ff6a4f38) thrown at [C:\re\workspace\8-2-build-windows-amd64-cygwin\jdk8u211\12973\hotspot\src\share\vm\runtime\sharedRuntime.cpp, line 605]
Event: 9.527 Thread 0x0000000002c48000 Exception <a 'java/lang/ArrayIndexOutOfBoundsException'> (0x00000000ff6a5fb0) thrown at [C:\re\workspace\8-2-build-windows-amd64-cygwin\jdk8u211\12973\hotspot\src\share\vm\runtime\sharedRuntime.cpp, line 605]
Event: 9.528 Thread 0x0000000002c48000 Exception <a 'java/lang/ArrayIndexOutOfBoundsException'> (0x00000000ff6a9660) thrown at [C:\re\workspace\8-2-build-windows-amd64-cygwin\jdk8u211\12973\hotspot\src\share\vm\runtime\sharedRuntime.cpp, line 605]
Event: 9.528 Thread 0x0000000002c48000 Exception <a 'java/lang/ArrayIndexOutOfBoundsException'> (0x00000000ff6ab5a8) thrown at [C:\re\workspace\8-2-build-windows-amd64-cygwin\jdk8u211\12973\hotspot\src\share\vm\runtime\sharedRuntime.cpp, line 605]
Event: 9.919 Thread 0x0000000002c48000 Exception <a 'java/lang/NoSuchFieldError': method resolution failed> (0x00000000ff87a268) thrown at [C:\re\workspace\8-2-build-windows-amd64-cygwin\jdk8u211\12973\hotspot\src\share\vm\prims\methodHandles.cpp, line 1167]
Event: 9.924 Thread 0x0000000002c48000 Exception <a 'java/lang/NoSuchFieldError': method resolution failed> (0x00000000ff887d28) thrown at [C:\re\workspace\8-2-build-windows-amd64-cygwin\jdk8u211\12973\hotspot\src\share\vm\prims\methodHandles.cpp, line 1167]

Events (10 events):
Event: 159.747 loading class java/util/function/UnaryOperator
Event: 159.950 loading class java/util/function/UnaryOperator done
Event: 159.950 loading class java/util/Spliterator
Event: 160.193 loading class java/util/Spliterator done
Event: 160.193 loading class java/util/function/Consumer
Event: 160.306 loading class java/util/function/Consumer done
Event: 160.306 loading class java/util/function/Predicate
Event: 160.310 loading class java/util/function/Predicate done
Event: 160.319 loading class java/io/ObjectStreamClass$ExceptionInfo
Event: 160.319 loading class java/io/ObjectStreamClass$ExceptionInfo done


Dynamic libraries:
0x00007ff63bd00000 - 0x00007ff63bd37000 	C:\Program Files\Java\jdk1.8.0_211\bin\java.exe
0x00007ffc797e0000 - 0x00007ffc799c1000 	C:\WINDOWS\SYSTEM32\ntdll.dll
0x00007ffc52860000 - 0x00007ffc52874000 	C:\Program Files\AVAST Software\Avast\aswhook.dll
0x00007ffc77310000 - 0x00007ffc773c1000 	C:\WINDOWS\System32\KERNEL32.DLL
0x00007ffc767f0000 - 0x00007ffc76a63000 	C:\WINDOWS\System32\KERNELBASE.dll
0x00007ffc79510000 - 0x00007ffc795b1000 	C:\WINDOWS\System32\ADVAPI32.dll
0x00007ffc795c0000 - 0x00007ffc7965e000 	C:\WINDOWS\System32\msvcrt.dll
0x00007ffc77110000 - 0x00007ffc7716b000 	C:\WINDOWS\System32\sechost.dll
0x00007ffc77550000 - 0x00007ffc77674000 	C:\WINDOWS\System32\RPCRT4.dll
0x00007ffc78b50000 - 0x00007ffc78ce0000 	C:\WINDOWS\System32\USER32.dll
0x00007ffc76780000 - 0x00007ffc767a0000 	C:\WINDOWS\System32\win32u.dll
0x00007ffc78ce0000 - 0x00007ffc78d08000 	C:\WINDOWS\System32\GDI32.dll
0x00007ffc76540000 - 0x00007ffc766d1000 	C:\WINDOWS\System32\gdi32full.dll
0x00007ffc766e0000 - 0x00007ffc7677f000 	C:\WINDOWS\System32\msvcp_win.dll
0x00007ffc763c0000 - 0x00007ffc764b8000 	C:\WINDOWS\System32\ucrtbase.dll
0x00007ffc65d80000 - 0x00007ffc65fe9000 	C:\WINDOWS\WinSxS\amd64_microsoft.windows.common-controls_6595b64144ccf1df_6.0.17134.1067_none_d401a3eb7c8ebdea\COMCTL32.dll
0x00007ffc79010000 - 0x00007ffc79331000 	C:\WINDOWS\System32\combase.dll
0x00007ffc764c0000 - 0x00007ffc76539000 	C:\WINDOWS\System32\bcryptPrimitives.dll
0x00007ffc78d10000 - 0x00007ffc78d3d000 	C:\WINDOWS\System32\IMM32.DLL
0x00000000675b0000 - 0x0000000067682000 	C:\Program Files\Java\jdk1.8.0_211\jre\bin\msvcr100.dll
0x0000000066d00000 - 0x00000000675a5000 	C:\Program Files\Java\jdk1.8.0_211\jre\bin\server\jvm.dll
0x00007ffc77480000 - 0x00007ffc77488000 	C:\WINDOWS\System32\PSAPI.DLL
0x00007ffc678f0000 - 0x00007ffc678f9000 	C:\WINDOWS\SYSTEM32\WSOCK32.dll
0x00007ffc794a0000 - 0x00007ffc7950c000 	C:\WINDOWS\System32\WS2_32.dll
0x00007ffc71740000 - 0x00007ffc71763000 	C:\WINDOWS\SYSTEM32\WINMM.dll
0x00007ffc71fd0000 - 0x00007ffc71fda000 	C:\WINDOWS\SYSTEM32\VERSION.dll
0x00007ffc71710000 - 0x00007ffc7173a000 	C:\WINDOWS\SYSTEM32\WINMMBASE.dll
0x00007ffc767a0000 - 0x00007ffc767e9000 	C:\WINDOWS\System32\cfgmgr32.dll
0x00007ffc6f970000 - 0x00007ffc6f97f000 	C:\Program Files\Java\jdk1.8.0_211\jre\bin\verify.dll
0x00007ffc67a60000 - 0x00007ffc67a89000 	C:\Program Files\Java\jdk1.8.0_211\jre\bin\java.dll
0x00007ffc6cb20000 - 0x00007ffc6cb36000 	C:\Program Files\Java\jdk1.8.0_211\jre\bin\zip.dll
0x00007ffc77700000 - 0x00007ffc78b44000 	C:\WINDOWS\System32\SHELL32.dll
0x00007ffc773d0000 - 0x00007ffc77479000 	C:\WINDOWS\System32\shcore.dll
0x00007ffc75c50000 - 0x00007ffc76360000 	C:\WINDOWS\System32\windows.storage.dll
0x00007ffc78d40000 - 0x00007ffc78d91000 	C:\WINDOWS\System32\shlwapi.dll
0x00007ffc75b30000 - 0x00007ffc75b41000 	C:\WINDOWS\System32\kernel.appcore.dll
0x00007ffc75ae0000 - 0x00007ffc75aff000 	C:\WINDOWS\System32\profapi.dll
0x00007ffc75b50000 - 0x00007ffc75b9c000 	C:\WINDOWS\System32\powrprof.dll
0x00007ffc75b00000 - 0x00007ffc75b0a000 	C:\WINDOWS\System32\FLTLIB.DLL
0x00007ffc6ca40000 - 0x00007ffc6ca5a000 	C:\Program Files\Java\jdk1.8.0_211\jre\bin\net.dll
0x00007ffc6e4b0000 - 0x00007ffc6e67a000 	C:\WINDOWS\SYSTEM32\urlmon.dll
0x00007ffc6ef20000 - 0x00007ffc6f1c7000 	C:\WINDOWS\SYSTEM32\iertutil.dll
0x00007ffc754d0000 - 0x00007ffc754db000 	C:\WINDOWS\SYSTEM32\CRYPTBASE.DLL
0x00007ffc75300000 - 0x00007ffc75366000 	C:\WINDOWS\system32\mswsock.dll
0x00007ffc698e0000 - 0x00007ffc698f2000 	C:\Program Files\Java\jdk1.8.0_211\jre\bin\nio.dll
0x00007ffc4dad0000 - 0x00007ffc4daf6000 	C:\Users\Lenovo G50\.gradle\native\29\windows-amd64\native-platform.dll
0x00007ffc754b0000 - 0x00007ffc754c7000 	C:\WINDOWS\SYSTEM32\CRYPTSP.dll
0x00007ffc74eb0000 - 0x00007ffc74ee3000 	C:\WINDOWS\system32\rsaenh.dll
0x00007ffc75640000 - 0x00007ffc75665000 	C:\WINDOWS\SYSTEM32\bcrypt.dll
0x00007ffc759e0000 - 0x00007ffc75a08000 	C:\WINDOWS\SYSTEM32\USERENV.dll
0x00007ffc75050000 - 0x00007ffc75088000 	C:\WINDOWS\SYSTEM32\IPHLPAPI.DLL
0x00007ffc77180000 - 0x00007ffc77188000 	C:\WINDOWS\System32\NSI.dll
0x00007ffc69550000 - 0x00007ffc69566000 	C:\WINDOWS\SYSTEM32\dhcpcsvc6.DLL
0x00007ffc69c20000 - 0x00007ffc69c3a000 	C:\WINDOWS\SYSTEM32\dhcpcsvc.DLL
0x00007ffc6f920000 - 0x00007ffc6f92a000 	C:\Users\Lenovo G50\.gradle\native\jansi\1.17.1\windows64\jansi-1.17.1-7674072288412490471.dll
0x00007ffc6f910000 - 0x00007ffc6f91d000 	C:\Program Files\Java\jdk1.8.0_211\jre\bin\management.dll

VM Arguments:
jvm_args: -Xmx64m -Xms64m -Dorg.gradle.appname=gradlew 
java_command: org.gradle.wrapper.GradleWrapperMain app:installDebug -PreactNativeDevServerPort=8081
java_class_path (initial): D:\androidreact\Trialone\Trialone\android\\gradle\wrapper\gradle-wrapper.jar
Launcher Type: SUN_STANDARD

Environment Variables:
JAVA_HOME=C:\Program Files\Java\jdk1.8.0_211
CLASSPATH=D:\androidreact\Trialone\Trialone\android\\gradle\wrapper\gradle-wrapper.jar
USERNAME=Lenovo G50
SHELL=C:\Program Files\Git\usr\bin\bash.exe
DISPLAY=needs-to-be-defined
OS=Windows_NT
PROCESSOR_IDENTIFIER=Intel64 Family 6 Model 55 Stepping 8, GenuineIntel



---------------  S Y S T E M  ---------------

OS: Windows 10.0 , 64 bit Build 17134 (10.0.17134.753)

CPU:total 2 (initial active 2) (2 cores per cpu, 1 threads per core) family 6 model 55 stepping 8, cmov, cx8, fxsr, mmx, sse, sse2, sse3, ssse3, sse4.1, sse4.2, popcnt, clmul, erms, 3dnowpref, tsc, tscinvbit

Memory: 4k page, physical 8269020k(572312k free), swap 10219740k(3588k free)

vm_info: Java HotSpot(TM) 64-Bit Server VM (25.211-b12) for windows-amd64 JRE (1.8.0_211-b12), built on Apr  1 2019 20:53:26 by "java_re" with MS VC++ 10.0 (VS2010)

time: Tue Feb 18 16:01:42 2020
timezone: GMT Standard Time
elapsed time: 160 seconds (0d 0h 2m 40s)

